<?xml version="1.0" encoding="UTF-8"?>
<!-- Generated by org.testng.reporters.JUnitReportReporter -->
<testsuite skipped="0" hostname="hp" name="com.com.depends.Dependent" tests="3" failures="0" timestamp="13 Jan 2018 06:50:09 GMT" time="0.022" errors="0">
  <testcase name="openbrowser" time="0.019" classname="com.com.depends.Dependent"/>
  <testcase name="logout" time="0.002" classname="com.com.depends.Dependent"/>
  <testcase name="signin" time="0.001" classname="com.com.depends.Dependent"/>
</testsuite> <!-- com.com.depends.Dependent -->
